0 info it worked if it ends with ok
1 verbose cli [ 'node', '/usr/local/bin/npm', 'install', 'node-fibers' ]
2 info using npm@1.4.28
3 info using node@v0.10.32
4 warn package.json @ No repository field.
5 verbose readDependencies using package.json deps
6 verbose cache add [ 'node-fibers', null ]
7 verbose cache add name=undefined spec="node-fibers" args=["node-fibers",null]
8 verbose parsed url { protocol: null,
8 verbose parsed url   slashes: null,
8 verbose parsed url   auth: null,
8 verbose parsed url   host: null,
8 verbose parsed url   port: null,
8 verbose parsed url   hostname: null,
8 verbose parsed url   hash: null,
8 verbose parsed url   search: null,
8 verbose parsed url   query: null,
8 verbose parsed url   pathname: 'node-fibers',
8 verbose parsed url   path: 'node-fibers',
8 verbose parsed url   href: 'node-fibers' }
9 silly lockFile 9004463f-node-fibers node-fibers
10 verbose lock node-fibers /Users/TheHaad/.npm/9004463f-node-fibers.lock
11 silly lockFile 9004463f-node-fibers node-fibers
12 silly lockFile 9004463f-node-fibers node-fibers
13 verbose addNamed [ 'node-fibers', '' ]
14 verbose addNamed [ null, '*' ]
15 silly lockFile 2b9e1c32-node-fibers node-fibers@
16 verbose lock node-fibers@ /Users/TheHaad/.npm/2b9e1c32-node-fibers.lock
17 silly addNameRange { name: 'node-fibers', range: '*', hasData: false }
18 verbose request where is /node-fibers
19 verbose request registry https://registry.npmjs.org/
20 verbose request id 9a3d2cbb04456c99
21 verbose url raw /node-fibers
22 verbose url resolving [ 'https://registry.npmjs.org/', './node-fibers' ]
23 verbose url resolved https://registry.npmjs.org/node-fibers
24 verbose request where is https://registry.npmjs.org/node-fibers
25 info trying registry request attempt 1 at 22:09:34
26 http GET https://registry.npmjs.org/node-fibers
27 http 404 https://registry.npmjs.org/node-fibers
28 silly registry.get cb [ 404,
28 silly registry.get   { 'content-type': 'application/json',
28 silly registry.get     'cache-control': 'max-age=0',
28 silly registry.get     'content-length': '2',
28 silly registry.get     'accept-ranges': 'bytes',
28 silly registry.get     date: 'Sun, 13 Mar 2016 03:02:12 GMT',
28 silly registry.get     via: '1.1 varnish',
28 silly registry.get     age: '0',
28 silly registry.get     connection: 'keep-alive',
28 silly registry.get     'x-served-by': 'cache-atl6228-ATL',
28 silly registry.get     'x-cache': 'MISS',
28 silly registry.get     'x-cache-hits': '0',
28 silly registry.get     'x-timer': 'S1457838132.799793,VS0,VE89' } ]
29 silly lockFile 2b9e1c32-node-fibers node-fibers@
30 silly lockFile 2b9e1c32-node-fibers node-fibers@
31 error 404 Not Found
31 error 404
31 error 404 'node-fibers' is not in the npm registry.
31 error 404 You should bug the author to publish it
31 error 404
31 error 404 Maybe try 'npm search fibers'
31 error 404
31 error 404 Note that you can also install from a
31 error 404 tarball, folder, or http url, or git url.
32 error System Darwin 15.2.0
33 error command "node" "/usr/local/bin/npm" "install" "node-fibers"
34 error cwd /Users/TheHaad/Workspace/thecritic
35 error node -v v0.10.32
36 error npm -v 1.4.28
37 error code E404
38 verbose exit [ 1, true ]
